2026-03-12 08:19:13.225 [INFO] ▶ SCENARIO START: "Standard user logs in successfully"
2026-03-12 08:19:13.226 [INFO]   ▷ STEP: Load credentials from credentials.json
2026-03-12 08:19:13.226 [INFO] CustomWorld.init: launching browser for BDD scenario
2026-03-12 08:19:14.489 [INFO] JsonHelper.read: /Users/AG125765/PlaywrightFramework/test-data/json/credentials.json
2026-03-12 08:19:14.490 [INFO]   Loaded saucedemo credentials from credentials.json
2026-03-12 08:19:14.490 [INFO]   ✔ STEP OK: Load credentials from credentials.json
2026-03-12 08:19:14.490 [INFO]   ▷ STEP: Login as standardUser
2026-03-12 08:19:14.490 [INFO]   Logging in as "standardUser" (username: standard_user)
2026-03-12 08:19:18.114 [INFO]   Login button clicked – current URL: https://www.saucedemo.com/inventory.html
2026-03-12 08:19:18.229 [INFO]   📸 Screenshot: reports/2026-03-12_08-19-10/screenshots/Standard-user-logs-in-successfully-login-result-standardUser.png – Login result for "standardUser"
2026-03-12 08:19:18.229 [INFO]   ✔ STEP OK: Login as standardUser
2026-03-12 08:19:18.230 [INFO]   ▷ STEP: Assert inventory page
2026-03-12 08:19:18.252 [INFO]   Inventory page confirmed – title: "Products"
2026-03-12 08:19:18.324 [INFO]   📸 Screenshot: reports/2026-03-12_08-19-10/screenshots/Standard-user-logs-in-successfully-inventory-page.png – Inventory page loaded
2026-03-12 08:19:18.324 [INFO]   ✔ STEP OK: Assert inventory page
2026-03-12 08:19:18.325 [INFO] ✔ SCENARIO PASSED: "Standard user logs in successfully"
2026-03-12 08:19:18.325 [INFO] CustomWorld.destroy: closing browser
2026-03-12 08:19:18.357 [INFO] ▶ SCENARIO START: "Invalid user cannot log in"
2026-03-12 08:19:18.357 [INFO]   ▷ STEP: Load credentials from credentials.json
2026-03-12 08:19:18.357 [INFO] CustomWorld.init: launching browser for BDD scenario
2026-03-12 08:19:18.633 [INFO] JsonHelper.read: /Users/AG125765/PlaywrightFramework/test-data/json/credentials.json
2026-03-12 08:19:18.633 [INFO]   Loaded saucedemo credentials from credentials.json
2026-03-12 08:19:18.634 [INFO]   ✔ STEP OK: Load credentials from credentials.json
2026-03-12 08:19:18.634 [INFO]   ▷ STEP: Login as invalidUser
2026-03-12 08:19:18.634 [INFO]   Logging in as "invalidUser" (username: invalid_user)
2026-03-12 08:19:21.984 [INFO]   Login button clicked – current URL: https://www.saucedemo.com/
2026-03-12 08:19:22.024 [INFO]   📸 Screenshot: reports/2026-03-12_08-19-10/screenshots/Invalid-user-cannot-log-in-login-result-invalidUser.png – Login result for "invalidUser"
2026-03-12 08:19:22.024 [INFO]   ✔ STEP OK: Login as invalidUser
2026-03-12 08:19:22.024 [INFO]   ▷ STEP: Assert login error message
2026-03-12 08:19:22.030 [INFO]   Login error message: "Epic sadface: Username and password do not match any user in this service"
2026-03-12 08:19:22.055 [INFO]   📸 Screenshot: reports/2026-03-12_08-19-10/screenshots/Invalid-user-cannot-log-in-login-error.png – Login error: Epic sadface: Username and password do not match any user in this service
2026-03-12 08:19:22.055 [INFO]   ✔ STEP OK: Assert login error message
2026-03-12 08:19:22.055 [INFO] ✔ SCENARIO PASSED: "Invalid user cannot log in"
2026-03-12 08:19:22.055 [INFO] CustomWorld.destroy: closing browser
2026-03-12 08:19:22.079 [INFO] ▶ SCENARIO START: "Locked out user cannot log in"
2026-03-12 08:19:22.079 [INFO]   ▷ STEP: Load credentials from credentials.json
2026-03-12 08:19:22.079 [INFO] CustomWorld.init: launching browser for BDD scenario
2026-03-12 08:19:22.288 [INFO] JsonHelper.read: /Users/AG125765/PlaywrightFramework/test-data/json/credentials.json
2026-03-12 08:19:22.288 [INFO]   Loaded saucedemo credentials from credentials.json
2026-03-12 08:19:22.288 [INFO]   ✔ STEP OK: Load credentials from credentials.json
2026-03-12 08:19:22.288 [INFO]   ▷ STEP: Login as lockedUser
2026-03-12 08:19:22.288 [INFO]   Logging in as "lockedUser" (username: locked_out_user)
2026-03-12 08:19:25.617 [INFO]   Login button clicked – current URL: https://www.saucedemo.com/
2026-03-12 08:19:25.657 [INFO]   📸 Screenshot: reports/2026-03-12_08-19-10/screenshots/Locked-out-user-cannot-log-in-login-result-lockedUser.png – Login result for "lockedUser"
2026-03-12 08:19:25.657 [INFO]   ✔ STEP OK: Login as lockedUser
2026-03-12 08:19:25.657 [INFO]   ▷ STEP: Assert login error message
2026-03-12 08:19:25.661 [INFO]   Login error message: "Epic sadface: Sorry, this user has been locked out."
2026-03-12 08:19:25.687 [INFO]   📸 Screenshot: reports/2026-03-12_08-19-10/screenshots/Locked-out-user-cannot-log-in-login-error.png – Login error: Epic sadface: Sorry, this user has been locked out.
2026-03-12 08:19:25.687 [INFO]   ✔ STEP OK: Assert login error message
2026-03-12 08:19:25.687 [INFO] ✔ SCENARIO PASSED: "Locked out user cannot log in"
2026-03-12 08:19:25.687 [INFO] CustomWorld.destroy: closing browser
2026-03-12 08:19:25.705 [INFO] ▶ SCENARIO START: "Standard user adds two products and places an order"
2026-03-12 08:19:25.706 [INFO]   ▷ STEP: Load credentials from credentials.json
2026-03-12 08:19:25.706 [INFO] CustomWorld.init: launching browser for BDD scenario
2026-03-12 08:19:25.896 [INFO] JsonHelper.read: /Users/AG125765/PlaywrightFramework/test-data/json/credentials.json
2026-03-12 08:19:25.896 [INFO]   Loaded saucedemo credentials from credentials.json
2026-03-12 08:19:25.896 [INFO]   ✔ STEP OK: Load credentials from credentials.json
2026-03-12 08:19:25.896 [INFO]   ▷ STEP: Login as standardUser
2026-03-12 08:19:25.897 [INFO]   Logging in as "standardUser" (username: standard_user)
2026-03-12 08:19:29.235 [INFO]   Login button clicked – current URL: https://www.saucedemo.com/inventory.html
2026-03-12 08:19:29.308 [INFO]   📸 Screenshot: reports/2026-03-12_08-19-10/screenshots/Standard-user-adds-two-products-and-places-an-order-login-result-standardUser.png – Login result for "standardUser"
2026-03-12 08:19:29.308 [INFO]   ✔ STEP OK: Login as standardUser
2026-03-12 08:19:29.308 [INFO]   ▷ STEP: Assert inventory page
2026-03-12 08:19:29.311 [INFO]   Inventory page confirmed – title: "Products"
2026-03-12 08:19:29.372 [INFO]   📸 Screenshot: reports/2026-03-12_08-19-10/screenshots/Standard-user-adds-two-products-and-places-an-order-inventory-page.png – Inventory page loaded
2026-03-12 08:19:29.372 [INFO]   ✔ STEP OK: Assert inventory page
2026-03-12 08:19:29.372 [INFO]   ▷ STEP: Add configured products to cart
2026-03-12 08:19:29.372 [INFO]   Adding 2 product(s) to cart: Sauce Labs Backpack, Sauce Labs Bike Light
2026-03-12 08:19:29.407 [INFO]   Added to cart: "Sauce Labs Backpack"
2026-03-12 08:19:29.442 [INFO]   Added to cart: "Sauce Labs Bike Light"
2026-03-12 08:19:29.509 [INFO]   📸 Screenshot: reports/2026-03-12_08-19-10/screenshots/Standard-user-adds-two-products-and-places-an-order-products-added.png – All products added to cart
2026-03-12 08:19:29.509 [INFO]   ✔ STEP OK: Add configured products to cart
2026-03-12 08:19:29.509 [INFO]   ▷ STEP: Open cart
2026-03-12 08:19:29.542 [INFO]   Cart opened – URL: https://www.saucedemo.com/cart.html
2026-03-12 08:19:29.598 [INFO]   📸 Screenshot: reports/2026-03-12_08-19-10/screenshots/Standard-user-adds-two-products-and-places-an-order-cart-page.png – Cart page opened
2026-03-12 08:19:29.598 [INFO]   ✔ STEP OK: Open cart
2026-03-12 08:19:29.598 [INFO]   ▷ STEP: Assert cart contains 2 item(s)
2026-03-12 08:19:29.600 [INFO]   Cart item count: 2 (expected: 2)
2026-03-12 08:19:29.666 [INFO]   📸 Screenshot: reports/2026-03-12_08-19-10/screenshots/Standard-user-adds-two-products-and-places-an-order-cart-count-2.png – Cart contains 2 item(s)
2026-03-12 08:19:29.666 [INFO]   ✔ STEP OK: Assert cart contains 2 item(s)
2026-03-12 08:19:29.667 [INFO]   ▷ STEP: Proceed to checkout
2026-03-12 08:19:29.708 [INFO]   Checkout info page – URL: https://www.saucedemo.com/checkout-step-one.html
2026-03-12 08:19:29.759 [INFO]   📸 Screenshot: reports/2026-03-12_08-19-10/screenshots/Standard-user-adds-two-products-and-places-an-order-checkout-info.png – Checkout info page
2026-03-12 08:19:29.759 [INFO]   ✔ STEP OK: Proceed to checkout
2026-03-12 08:19:29.759 [INFO]   ▷ STEP: Fill checkout details
2026-03-12 08:19:29.759 [INFO]   Filling checkout: John Doe, postal: 10001
2026-03-12 08:19:29.808 [INFO]   Checkout overview page – URL: https://www.saucedemo.com/checkout-step-two.html
2026-03-12 08:19:29.869 [INFO]   📸 Screenshot: reports/2026-03-12_08-19-10/screenshots/Standard-user-adds-two-products-and-places-an-order-checkout-overview.png – Order overview page
2026-03-12 08:19:29.869 [INFO]   ✔ STEP OK: Fill checkout details
2026-03-12 08:19:29.870 [INFO]   ▷ STEP: Finish order
2026-03-12 08:19:29.909 [INFO]   Order finished – URL: https://www.saucedemo.com/checkout-complete.html
2026-03-12 08:19:29.954 [INFO]   📸 Screenshot: reports/2026-03-12_08-19-10/screenshots/Standard-user-adds-two-products-and-places-an-order-order-placed.png – Order placed
2026-03-12 08:19:29.954 [INFO]   ✔ STEP OK: Finish order
2026-03-12 08:19:29.955 [INFO]   ▷ STEP: Assert order confirmation
2026-03-12 08:19:29.957 [INFO]   Order confirmation header: "Thank you for your order!"
2026-03-12 08:19:30.005 [INFO]   📸 Screenshot: reports/2026-03-12_08-19-10/screenshots/Standard-user-adds-two-products-and-places-an-order-order-confirmed.png – Order confirmation displayed
2026-03-12 08:19:30.005 [INFO]   ✔ STEP OK: Assert order confirmation
2026-03-12 08:19:30.005 [INFO] ✔ SCENARIO PASSED: "Standard user adds two products and places an order"
2026-03-12 08:19:30.005 [INFO] CustomWorld.destroy: closing browser
2026-03-12 08:19:30.027 [INFO] ▶ SCENARIO START: "Standard user cannot complete checkout with an empty cart"
2026-03-12 08:19:30.027 [INFO]   ▷ STEP: Load credentials from credentials.json
2026-03-12 08:19:30.027 [INFO] CustomWorld.init: launching browser for BDD scenario
2026-03-12 08:19:30.208 [INFO] JsonHelper.read: /Users/AG125765/PlaywrightFramework/test-data/json/credentials.json
2026-03-12 08:19:30.208 [INFO]   Loaded saucedemo credentials from credentials.json
2026-03-12 08:19:30.208 [INFO]   ✔ STEP OK: Load credentials from credentials.json
2026-03-12 08:19:30.209 [INFO]   ▷ STEP: Login as standardUser
2026-03-12 08:19:30.209 [INFO]   Logging in as "standardUser" (username: standard_user)
2026-03-12 08:19:33.969 [INFO]   Login button clicked – current URL: https://www.saucedemo.com/inventory.html
2026-03-12 08:19:34.041 [INFO]   📸 Screenshot: reports/2026-03-12_08-19-10/screenshots/Standard-user-cannot-complete-checkout-with-an-empty-cart-login-result-standardUser.png – Login result for "standardUser"
2026-03-12 08:19:34.042 [INFO]   ✔ STEP OK: Login as standardUser
2026-03-12 08:19:34.042 [INFO]   ▷ STEP: Assert inventory page
2026-03-12 08:19:34.044 [INFO]   Inventory page confirmed – title: "Products"
2026-03-12 08:19:34.106 [INFO]   📸 Screenshot: reports/2026-03-12_08-19-10/screenshots/Standard-user-cannot-complete-checkout-with-an-empty-cart-inventory-page.png – Inventory page loaded
2026-03-12 08:19:34.106 [INFO]   ✔ STEP OK: Assert inventory page
2026-03-12 08:19:34.106 [INFO]   ▷ STEP: Open cart
2026-03-12 08:19:34.141 [INFO]   Cart opened – URL: https://www.saucedemo.com/cart.html
2026-03-12 08:19:34.172 [INFO]   📸 Screenshot: reports/2026-03-12_08-19-10/screenshots/Standard-user-cannot-complete-checkout-with-an-empty-cart-cart-page.png – Cart page opened
2026-03-12 08:19:34.172 [INFO]   ✔ STEP OK: Open cart
2026-03-12 08:19:34.173 [INFO]   ▷ STEP: Assert cart contains 0 item(s)
2026-03-12 08:19:34.174 [INFO]   Cart item count: 0 (expected: 0)
2026-03-12 08:19:34.202 [INFO]   📸 Screenshot: reports/2026-03-12_08-19-10/screenshots/Standard-user-cannot-complete-checkout-with-an-empty-cart-cart-count-0.png – Cart contains 0 item(s)
2026-03-12 08:19:34.202 [INFO]   ✔ STEP OK: Assert cart contains 0 item(s)
2026-03-12 08:19:34.202 [INFO]   ▷ STEP: Proceed to checkout
2026-03-12 08:19:34.240 [INFO]   Checkout info page – URL: https://www.saucedemo.com/checkout-step-one.html
2026-03-12 08:19:34.292 [INFO]   📸 Screenshot: reports/2026-03-12_08-19-10/screenshots/Standard-user-cannot-complete-checkout-with-an-empty-cart-checkout-info.png – Checkout info page
2026-03-12 08:19:34.292 [INFO]   ✔ STEP OK: Proceed to checkout
2026-03-12 08:19:34.292 [INFO]   ▷ STEP: Fill checkout details
2026-03-12 08:19:34.292 [INFO]   Filling checkout: John Doe, postal: 10001
2026-03-12 08:19:34.342 [INFO]   Checkout overview page – URL: https://www.saucedemo.com/checkout-step-two.html
2026-03-12 08:19:34.390 [INFO]   📸 Screenshot: reports/2026-03-12_08-19-10/screenshots/Standard-user-cannot-complete-checkout-with-an-empty-cart-checkout-overview.png – Order overview page
2026-03-12 08:19:34.390 [INFO]   ✔ STEP OK: Fill checkout details
2026-03-12 08:19:34.391 [INFO]   ▷ STEP: Assert empty order summary
2026-03-12 08:19:34.392 [INFO]   Order summary item count: 0 (expected: 0)
2026-03-12 08:19:34.439 [INFO]   📸 Screenshot: reports/2026-03-12_08-19-10/screenshots/Standard-user-cannot-complete-checkout-with-an-empty-cart-empty-order-summary.png – Order summary has no items
2026-03-12 08:19:34.439 [INFO]   ✔ STEP OK: Assert empty order summary
2026-03-12 08:19:34.439 [INFO] ✔ SCENARIO PASSED: "Standard user cannot complete checkout with an empty cart"
2026-03-12 08:19:34.439 [INFO] CustomWorld.destroy: closing browser
2026-03-12 08:19:34.459 [INFO] ▶ SCENARIO START: "Checkout form validation_missing first name"
2026-03-12 08:19:34.459 [INFO]   ▷ STEP: Load credentials from credentials.json
2026-03-12 08:19:34.459 [INFO] CustomWorld.init: launching browser for BDD scenario
2026-03-12 08:19:34.641 [INFO] JsonHelper.read: /Users/AG125765/PlaywrightFramework/test-data/json/credentials.json
2026-03-12 08:19:34.641 [INFO]   Loaded saucedemo credentials from credentials.json
2026-03-12 08:19:34.641 [INFO]   ✔ STEP OK: Load credentials from credentials.json
2026-03-12 08:19:34.641 [INFO]   ▷ STEP: Login as standardUser
2026-03-12 08:19:34.641 [INFO]   Logging in as "standardUser" (username: standard_user)
2026-03-12 08:19:37.952 [INFO]   Login button clicked – current URL: https://www.saucedemo.com/inventory.html
2026-03-12 08:19:38.025 [INFO]   📸 Screenshot: reports/2026-03-12_08-19-10/screenshots/Checkout-form-validation_missing-first-name-login-result-standardUser.png – Login result for "standardUser"
2026-03-12 08:19:38.025 [INFO]   ✔ STEP OK: Login as standardUser
2026-03-12 08:19:38.025 [INFO]   ▷ STEP: Add configured products to cart
2026-03-12 08:19:38.025 [INFO]   Adding 2 product(s) to cart: Sauce Labs Backpack, Sauce Labs Bike Light
2026-03-12 08:19:38.055 [INFO]   Added to cart: "Sauce Labs Backpack"
2026-03-12 08:19:38.088 [INFO]   Added to cart: "Sauce Labs Bike Light"
2026-03-12 08:19:38.156 [INFO]   📸 Screenshot: reports/2026-03-12_08-19-10/screenshots/Checkout-form-validation_missing-first-name-products-added.png – All products added to cart
2026-03-12 08:19:38.156 [INFO]   ✔ STEP OK: Add configured products to cart
2026-03-12 08:19:38.156 [INFO]   ▷ STEP: Open cart
2026-03-12 08:19:38.191 [INFO]   Cart opened – URL: https://www.saucedemo.com/cart.html
2026-03-12 08:19:38.253 [INFO]   📸 Screenshot: reports/2026-03-12_08-19-10/screenshots/Checkout-form-validation_missing-first-name-cart-page.png – Cart page opened
2026-03-12 08:19:38.253 [INFO]   ✔ STEP OK: Open cart
2026-03-12 08:19:38.253 [INFO]   ▷ STEP: Proceed to checkout
2026-03-12 08:19:38.292 [INFO]   Checkout info page – URL: https://www.saucedemo.com/checkout-step-one.html
2026-03-12 08:19:38.343 [INFO]   📸 Screenshot: reports/2026-03-12_08-19-10/screenshots/Checkout-form-validation_missing-first-name-checkout-info.png – Checkout info page
2026-03-12 08:19:38.343 [INFO]   ✔ STEP OK: Proceed to checkout
2026-03-12 08:19:38.343 [INFO]   ▷ STEP: Submit checkout without details
2026-03-12 08:19:38.344 [INFO]   Clicking Continue without filling any checkout fields
2026-03-12 08:19:38.425 [INFO]   📸 Screenshot: reports/2026-03-12_08-19-10/screenshots/Checkout-form-validation_missing-first-name-checkout-empty-submit.png – Submitted checkout without filling details
2026-03-12 08:19:38.425 [INFO]   ✔ STEP OK: Submit checkout without details
2026-03-12 08:19:38.425 [INFO]   ▷ STEP: Assert checkout validation error
2026-03-12 08:19:38.428 [INFO]   Checkout validation error: "Error: First Name is required"
2026-03-12 08:19:38.475 [INFO]   📸 Screenshot: reports/2026-03-12_08-19-10/screenshots/Checkout-form-validation_missing-first-name-checkout-validation-error.png – Checkout validation error: Error: First Name is required
2026-03-12 08:19:38.475 [INFO]   ✔ STEP OK: Assert checkout validation error
2026-03-12 08:19:38.475 [INFO] ✔ SCENARIO PASSED: "Checkout form validation_missing first name"
2026-03-12 08:19:38.475 [INFO] CustomWorld.destroy: closing browser
